[2023-05-22 16:08:04.262 INFO  restartedMain] [com.green.board7.Board7Application] Starting Board7Application using Java 17.0.7 with PID 11784 (D:\Spring\Board7\target\classes started by Administrator in D:\Spring\Board7)
[2023-05-22 16:08:04.264 INFO  restartedMain] [com.green.board7.Board7Application] No active profile set, falling back to 1 default profile: "default"
[2023-05-22 16:08:04.291 INFO  restartedMain] [org.springframework.boot.devtools.env.DevToolsPropertyDefaultsPostProcessor] Devtools property defaults active! Set 'spring.devtools.add-properties' to 'false' to disable
[2023-05-22 16:08:04.291 INFO  restartedMain] [org.springframework.boot.devtools.env.DevToolsPropertyDefaultsPostProcessor] For additional web related logging consider setting the 'logging.level.web' property to 'DEBUG'
[2023-05-22 16:08:04.977 INFO  restartedMain] [org.springframework.boot.web.embedded.tomcat.TomcatWebServer] Tomcat initialized with port(s): 8080 (http)
[2023-05-22 16:08:04.982 INFO  restartedMain] [org.apache.coyote.http11.Http11NioProtocol] Initializing ProtocolHandler ["http-nio-8080"]
[2023-05-22 16:08:04.982 INFO  restartedMain] [org.apache.catalina.core.StandardService] Starting service [Tomcat]
[2023-05-22 16:08:04.982 INFO  restartedMain] [org.apache.catalina.core.StandardEngine] Starting Servlet engine: [Apache Tomcat/10.1.8]
[2023-05-22 16:08:05.020 INFO  restartedMain] [org.apache.catalina.core.ContainerBase.[Tomcat].[localhost].[/]] Initializing Spring embedded WebApplicationContext
[2023-05-22 16:08:05.020 INFO  restartedMain] [org.springframework.boot.web.servlet.context.ServletWebServerApplicationContext] Root WebApplicationContext: initialization completed in 724 ms
[2023-05-22 16:08:05.439 INFO  restartedMain] [org.springframework.boot.devtools.autoconfigure.OptionalLiveReloadServer] LiveReload server is running on port 35729
[2023-05-22 16:08:05.451 INFO  restartedMain] [org.apache.coyote.http11.Http11NioProtocol] Starting ProtocolHandler ["http-nio-8080"]
[2023-05-22 16:08:05.462 INFO  restartedMain] [org.springframework.boot.web.embedded.tomcat.TomcatWebServer] Tomcat started on port(s): 8080 (http) with context path ''
[2023-05-22 16:08:05.469 INFO  restartedMain] [com.green.board7.Board7Application] Started Board7Application in 1.54 seconds (process running for 1.901)
[2023-05-22 16:08:35.330 INFO  restartedMain] [com.green.board7.Board7Application] Starting Board7Application using Java 17.0.7 with PID 9852 (D:\Spring\Board7\target\classes started by Administrator in D:\Spring\Board7)
[2023-05-22 16:08:35.331 INFO  restartedMain] [com.green.board7.Board7Application] No active profile set, falling back to 1 default profile: "default"
[2023-05-22 16:08:35.358 INFO  restartedMain] [org.springframework.boot.devtools.env.DevToolsPropertyDefaultsPostProcessor] Devtools property defaults active! Set 'spring.devtools.add-properties' to 'false' to disable
[2023-05-22 16:08:35.359 INFO  restartedMain] [org.springframework.boot.devtools.env.DevToolsPropertyDefaultsPostProcessor] For additional web related logging consider setting the 'logging.level.web' property to 'DEBUG'
[2023-05-22 16:08:36.029 INFO  restartedMain] [org.springframework.boot.web.embedded.tomcat.TomcatWebServer] Tomcat initialized with port(s): 8080 (http)
[2023-05-22 16:08:36.034 INFO  restartedMain] [org.apache.coyote.http11.Http11NioProtocol] Initializing ProtocolHandler ["http-nio-8080"]
[2023-05-22 16:08:36.035 INFO  restartedMain] [org.apache.catalina.core.StandardService] Starting service [Tomcat]
[2023-05-22 16:08:36.035 INFO  restartedMain] [org.apache.catalina.core.StandardEngine] Starting Servlet engine: [Apache Tomcat/10.1.8]
[2023-05-22 16:08:36.072 INFO  restartedMain] [org.apache.catalina.core.ContainerBase.[Tomcat].[localhost].[/]] Initializing Spring embedded WebApplicationContext
[2023-05-22 16:08:36.073 INFO  restartedMain] [org.springframework.boot.web.servlet.context.ServletWebServerApplicationContext] Root WebApplicationContext: initialization completed in 713 ms
[2023-05-22 16:08:36.483 INFO  restartedMain] [org.springframework.boot.devtools.autoconfigure.OptionalLiveReloadServer] LiveReload server is running on port 35729
[2023-05-22 16:08:36.495 INFO  restartedMain] [org.apache.coyote.http11.Http11NioProtocol] Starting ProtocolHandler ["http-nio-8080"]
[2023-05-22 16:08:36.507 INFO  restartedMain] [org.springframework.boot.web.embedded.tomcat.TomcatWebServer] Tomcat started on port(s): 8080 (http) with context path ''
[2023-05-22 16:08:36.514 INFO  restartedMain] [com.green.board7.Board7Application] Started Board7Application in 1.511 seconds (process running for 1.891)
[2023-05-22 16:42:07.977 INFO  restartedMain] [com.green.board7.Board7Application] Starting Board7Application using Java 17.0.7 with PID 4220 (D:\Spring\Board7\target\classes started by Administrator in D:\Spring\Board7)
[2023-05-22 16:42:07.979 INFO  restartedMain] [com.green.board7.Board7Application] No active profile set, falling back to 1 default profile: "default"
[2023-05-22 16:42:08.010 INFO  restartedMain] [org.springframework.boot.devtools.env.DevToolsPropertyDefaultsPostProcessor] Devtools property defaults active! Set 'spring.devtools.add-properties' to 'false' to disable
[2023-05-22 16:42:08.010 INFO  restartedMain] [org.springframework.boot.devtools.env.DevToolsPropertyDefaultsPostProcessor] For additional web related logging consider setting the 'logging.level.web' property to 'DEBUG'
[2023-05-22 16:42:08.738 INFO  restartedMain] [org.springframework.boot.web.embedded.tomcat.TomcatWebServer] Tomcat initialized with port(s): 8080 (http)
[2023-05-22 16:42:08.743 INFO  restartedMain] [org.apache.coyote.http11.Http11NioProtocol] Initializing ProtocolHandler ["http-nio-8080"]
[2023-05-22 16:42:08.744 INFO  restartedMain] [org.apache.catalina.core.StandardService] Starting service [Tomcat]
[2023-05-22 16:42:08.744 INFO  restartedMain] [org.apache.catalina.core.StandardEngine] Starting Servlet engine: [Apache Tomcat/10.1.8]
[2023-05-22 16:42:08.784 INFO  restartedMain] [org.apache.catalina.core.ContainerBase.[Tomcat].[localhost].[/]] Initializing Spring embedded WebApplicationContext
[2023-05-22 16:42:08.784 INFO  restartedMain] [org.springframework.boot.web.servlet.context.ServletWebServerApplicationContext] Root WebApplicationContext: initialization completed in 774 ms
[2023-05-22 16:42:09.206 INFO  restartedMain] [org.springframework.boot.devtools.autoconfigure.OptionalLiveReloadServer] LiveReload server is running on port 35729
[2023-05-22 16:42:09.216 INFO  restartedMain] [org.apache.coyote.http11.Http11NioProtocol] Starting ProtocolHandler ["http-nio-8080"]
[2023-05-22 16:42:09.227 INFO  restartedMain] [org.springframework.boot.web.embedded.tomcat.TomcatWebServer] Tomcat started on port(s): 8080 (http) with context path ''
[2023-05-22 16:42:09.234 INFO  restartedMain] [com.green.board7.Board7Application] Started Board7Application in 1.615 seconds (process running for 2.034)
[2023-05-22 16:47:19.624 INFO  restartedMain] [com.green.board7.Board7Application] Starting Board7Application using Java 17.0.7 with PID 3256 (D:\Spring\Board7\target\classes started by Administrator in D:\Spring\Board7)
[2023-05-22 16:47:19.626 INFO  restartedMain] [com.green.board7.Board7Application] No active profile set, falling back to 1 default profile: "default"
[2023-05-22 16:47:19.654 INFO  restartedMain] [org.springframework.boot.devtools.env.DevToolsPropertyDefaultsPostProcessor] Devtools property defaults active! Set 'spring.devtools.add-properties' to 'false' to disable
[2023-05-22 16:47:19.654 INFO  restartedMain] [org.springframework.boot.devtools.env.DevToolsPropertyDefaultsPostProcessor] For additional web related logging consider setting the 'logging.level.web' property to 'DEBUG'
[2023-05-22 16:47:20.350 INFO  restartedMain] [org.springframework.boot.web.embedded.tomcat.TomcatWebServer] Tomcat initialized with port(s): 8080 (http)
[2023-05-22 16:47:20.354 INFO  restartedMain] [org.apache.coyote.http11.Http11NioProtocol] Initializing ProtocolHandler ["http-nio-8080"]
[2023-05-22 16:47:20.355 INFO  restartedMain] [org.apache.catalina.core.StandardService] Starting service [Tomcat]
[2023-05-22 16:47:20.355 INFO  restartedMain] [org.apache.catalina.core.StandardEngine] Starting Servlet engine: [Apache Tomcat/10.1.8]
[2023-05-22 16:47:20.393 INFO  restartedMain] [org.apache.catalina.core.ContainerBase.[Tomcat].[localhost].[/]] Initializing Spring embedded WebApplicationContext
[2023-05-22 16:47:20.393 INFO  restartedMain] [org.springframework.boot.web.servlet.context.ServletWebServerApplicationContext] Root WebApplicationContext: initialization completed in 739 ms
[2023-05-22 16:47:20.813 INFO  restartedMain] [org.springframework.boot.devtools.autoconfigure.OptionalLiveReloadServer] LiveReload server is running on port 35729
[2023-05-22 16:47:20.825 INFO  restartedMain] [org.apache.coyote.http11.Http11NioProtocol] Starting ProtocolHandler ["http-nio-8080"]
[2023-05-22 16:47:20.837 INFO  restartedMain] [org.springframework.boot.web.embedded.tomcat.TomcatWebServer] Tomcat started on port(s): 8080 (http) with context path ''
[2023-05-22 16:47:20.843 INFO  restartedMain] [com.green.board7.Board7Application] Started Board7Application in 1.56 seconds (process running for 1.947)
[2023-05-22 16:50:14.899 INFO  restartedMain] [com.green.board7.Board7Application] Starting Board7Application using Java 17.0.7 with PID 9780 (D:\Spring\Board7\target\classes started by Administrator in D:\Spring\Board7)
[2023-05-22 16:50:14.901 INFO  restartedMain] [com.green.board7.Board7Application] No active profile set, falling back to 1 default profile: "default"
[2023-05-22 16:50:14.929 INFO  restartedMain] [org.springframework.boot.devtools.env.DevToolsPropertyDefaultsPostProcessor] Devtools property defaults active! Set 'spring.devtools.add-properties' to 'false' to disable
[2023-05-22 16:50:14.929 INFO  restartedMain] [org.springframework.boot.devtools.env.DevToolsPropertyDefaultsPostProcessor] For additional web related logging consider setting the 'logging.level.web' property to 'DEBUG'
[2023-05-22 16:50:15.621 INFO  restartedMain] [org.springframework.boot.web.embedded.tomcat.TomcatWebServer] Tomcat initialized with port(s): 8080 (http)
[2023-05-22 16:50:15.628 INFO  restartedMain] [org.apache.coyote.http11.Http11NioProtocol] Initializing ProtocolHandler ["http-nio-8080"]
[2023-05-22 16:50:15.628 INFO  restartedMain] [org.apache.catalina.core.StandardService] Starting service [Tomcat]
[2023-05-22 16:50:15.628 INFO  restartedMain] [org.apache.catalina.core.StandardEngine] Starting Servlet engine: [Apache Tomcat/10.1.8]
[2023-05-22 16:50:15.667 INFO  restartedMain] [org.apache.catalina.core.ContainerBase.[Tomcat].[localhost].[/]] Initializing Spring embedded WebApplicationContext
[2023-05-22 16:50:15.667 INFO  restartedMain] [org.springframework.boot.web.servlet.context.ServletWebServerApplicationContext] Root WebApplicationContext: initialization completed in 738 ms
[2023-05-22 16:50:16.090 INFO  restartedMain] [org.springframework.boot.devtools.autoconfigure.OptionalLiveReloadServer] LiveReload server is running on port 35729
[2023-05-22 16:50:16.100 INFO  restartedMain] [org.apache.coyote.http11.Http11NioProtocol] Starting ProtocolHandler ["http-nio-8080"]
[2023-05-22 16:50:16.113 INFO  restartedMain] [org.springframework.boot.web.embedded.tomcat.TomcatWebServer] Tomcat started on port(s): 8080 (http) with context path ''
[2023-05-22 16:50:16.120 INFO  restartedMain] [com.green.board7.Board7Application] Started Board7Application in 1.553 seconds (process running for 1.921)
[2023-05-22 16:50:20.590 INFO  http-nio-8080-exec-1] [org.apache.catalina.core.ContainerBase.[Tomcat].[localhost].[/]] Initializing Spring DispatcherServlet 'dispatcherServlet'
[2023-05-22 16:50:20.591 INFO  http-nio-8080-exec-1] [org.springframework.web.servlet.DispatcherServlet] Initializing Servlet 'dispatcherServlet'
[2023-05-22 16:50:20.591 INFO  http-nio-8080-exec-1] [org.springframework.web.servlet.DispatcherServlet] Completed initialization in 0 ms
[2023-05-22 16:50:20.805 INFO  http-nio-8080-exec-6] [org.springdoc.api.AbstractOpenApiResource] Init duration for springdoc-openapi is: 125 ms
[2023-05-22 16:50:51.179 WARN  http-nio-8080-exec-5] [com.green.board7.BoardController] 경고. 글 등록이 됩니다
[2023-05-22 16:50:51.190 INFO  http-nio-8080-exec-5] [com.zaxxer.hikari.HikariDataSource] HikariPool-1 - Starting...
[2023-05-22 16:50:51.229 INFO  http-nio-8080-exec-5] [com.zaxxer.hikari.pool.HikariPool] HikariPool-1 - Added connection org.mariadb.jdbc.Connection@45fb0ade
[2023-05-22 16:50:51.230 INFO  http-nio-8080-exec-5] [com.zaxxer.hikari.HikariDataSource] HikariPool-1 - Start completed.
[2023-05-22 16:52:17.410 INFO  SpringApplicationShutdownHook] [com.zaxxer.hikari.HikariDataSource] HikariPool-1 - Shutdown initiated...
[2023-05-22 16:52:17.412 INFO  SpringApplicationShutdownHook] [com.zaxxer.hikari.HikariDataSource] HikariPool-1 - Shutdown completed.
[2023-05-22 16:52:20.108 INFO  restartedMain] [com.green.board7.Board7Application] Starting Board7Application using Java 17.0.7 with PID 8520 (D:\Spring\Board7\target\classes started by Administrator in D:\Spring\Board7)
[2023-05-22 16:52:20.110 INFO  restartedMain] [com.green.board7.Board7Application] No active profile set, falling back to 1 default profile: "default"
[2023-05-22 16:52:20.138 INFO  restartedMain] [org.springframework.boot.devtools.env.DevToolsPropertyDefaultsPostProcessor] Devtools property defaults active! Set 'spring.devtools.add-properties' to 'false' to disable
[2023-05-22 16:52:20.138 INFO  restartedMain] [org.springframework.boot.devtools.env.DevToolsPropertyDefaultsPostProcessor] For additional web related logging consider setting the 'logging.level.web' property to 'DEBUG'
[2023-05-22 16:52:20.827 INFO  restartedMain] [org.springframework.boot.web.embedded.tomcat.TomcatWebServer] Tomcat initialized with port(s): 8080 (http)
[2023-05-22 16:52:20.833 INFO  restartedMain] [org.apache.coyote.http11.Http11NioProtocol] Initializing ProtocolHandler ["http-nio-8080"]
[2023-05-22 16:52:20.834 INFO  restartedMain] [org.apache.catalina.core.StandardService] Starting service [Tomcat]
[2023-05-22 16:52:20.834 INFO  restartedMain] [org.apache.catalina.core.StandardEngine] Starting Servlet engine: [Apache Tomcat/10.1.8]
[2023-05-22 16:52:20.870 INFO  restartedMain] [org.apache.catalina.core.ContainerBase.[Tomcat].[localhost].[/]] Initializing Spring embedded WebApplicationContext
[2023-05-22 16:52:20.870 INFO  restartedMain] [org.springframework.boot.web.servlet.context.ServletWebServerApplicationContext] Root WebApplicationContext: initialization completed in 732 ms
[2023-05-22 16:52:21.300 INFO  restartedMain] [org.springframework.boot.devtools.autoconfigure.OptionalLiveReloadServer] LiveReload server is running on port 35729
[2023-05-22 16:52:21.311 INFO  restartedMain] [org.apache.coyote.http11.Http11NioProtocol] Starting ProtocolHandler ["http-nio-8080"]
[2023-05-22 16:52:21.323 INFO  restartedMain] [org.springframework.boot.web.embedded.tomcat.TomcatWebServer] Tomcat started on port(s): 8080 (http) with context path ''
[2023-05-22 16:52:21.329 INFO  restartedMain] [com.green.board7.Board7Application] Started Board7Application in 1.553 seconds (process running for 1.918)
[2023-05-22 16:52:26.752 INFO  http-nio-8080-exec-1] [org.apache.catalina.core.ContainerBase.[Tomcat].[localhost].[/]] Initializing Spring DispatcherServlet 'dispatcherServlet'
[2023-05-22 16:52:26.752 INFO  http-nio-8080-exec-1] [org.springframework.web.servlet.DispatcherServlet] Initializing Servlet 'dispatcherServlet'
[2023-05-22 16:52:26.753 INFO  http-nio-8080-exec-1] [org.springframework.web.servlet.DispatcherServlet] Completed initialization in 1 ms
[2023-05-22 16:52:26.808 WARN  http-nio-8080-exec-1] [com.green.board7.BoardController] 경고. 글 등록이 됩니다
[2023-05-22 16:52:26.819 INFO  http-nio-8080-exec-1] [com.zaxxer.hikari.HikariDataSource] HikariPool-1 - Starting...
[2023-05-22 16:52:26.857 INFO  http-nio-8080-exec-1] [com.zaxxer.hikari.pool.HikariPool] HikariPool-1 - Added connection org.mariadb.jdbc.Connection@37ac1d83
[2023-05-22 16:52:26.858 INFO  http-nio-8080-exec-1] [com.zaxxer.hikari.HikariDataSource] HikariPool-1 - Start completed.
[2023-05-22 16:55:23.521 INFO  SpringApplicationShutdownHook] [com.zaxxer.hikari.HikariDataSource] HikariPool-1 - Shutdown initiated...
[2023-05-22 16:55:23.523 INFO  SpringApplicationShutdownHook] [com.zaxxer.hikari.HikariDataSource] HikariPool-1 - Shutdown completed.
[2023-05-22 16:55:26.154 INFO  restartedMain] [com.green.board7.Board7Application] Starting Board7Application using Java 17.0.7 with PID 12140 (D:\Spring\Board7\target\classes started by Administrator in D:\Spring\Board7)
[2023-05-22 16:55:26.155 INFO  restartedMain] [com.green.board7.Board7Application] No active profile set, falling back to 1 default profile: "default"
[2023-05-22 16:55:26.183 INFO  restartedMain] [org.springframework.boot.devtools.env.DevToolsPropertyDefaultsPostProcessor] Devtools property defaults active! Set 'spring.devtools.add-properties' to 'false' to disable
[2023-05-22 16:55:26.184 INFO  restartedMain] [org.springframework.boot.devtools.env.DevToolsPropertyDefaultsPostProcessor] For additional web related logging consider setting the 'logging.level.web' property to 'DEBUG'
[2023-05-22 16:55:26.854 INFO  restartedMain] [org.springframework.boot.web.embedded.tomcat.TomcatWebServer] Tomcat initialized with port(s): 8080 (http)
[2023-05-22 16:55:26.860 INFO  restartedMain] [org.apache.coyote.http11.Http11NioProtocol] Initializing ProtocolHandler ["http-nio-8080"]
[2023-05-22 16:55:26.861 INFO  restartedMain] [org.apache.catalina.core.StandardService] Starting service [Tomcat]
[2023-05-22 16:55:26.861 INFO  restartedMain] [org.apache.catalina.core.StandardEngine] Starting Servlet engine: [Apache Tomcat/10.1.8]
[2023-05-22 16:55:26.899 INFO  restartedMain] [org.apache.catalina.core.ContainerBase.[Tomcat].[localhost].[/]] Initializing Spring embedded WebApplicationContext
[2023-05-22 16:55:26.899 INFO  restartedMain] [org.springframework.boot.web.servlet.context.ServletWebServerApplicationContext] Root WebApplicationContext: initialization completed in 715 ms
[2023-05-22 16:55:27.315 INFO  restartedMain] [org.springframework.boot.devtools.autoconfigure.OptionalLiveReloadServer] LiveReload server is running on port 35729
[2023-05-22 16:55:27.326 INFO  restartedMain] [org.apache.coyote.http11.Http11NioProtocol] Starting ProtocolHandler ["http-nio-8080"]
[2023-05-22 16:55:27.337 INFO  restartedMain] [org.springframework.boot.web.embedded.tomcat.TomcatWebServer] Tomcat started on port(s): 8080 (http) with context path ''
[2023-05-22 16:55:27.343 INFO  restartedMain] [com.green.board7.Board7Application] Started Board7Application in 1.521 seconds (process running for 1.879)
[2023-05-22 16:55:37.962 INFO  http-nio-8080-exec-1] [org.apache.catalina.core.ContainerBase.[Tomcat].[localhost].[/]] Initializing Spring DispatcherServlet 'dispatcherServlet'
[2023-05-22 16:55:37.962 INFO  http-nio-8080-exec-1] [org.springframework.web.servlet.DispatcherServlet] Initializing Servlet 'dispatcherServlet'
[2023-05-22 16:55:37.963 INFO  http-nio-8080-exec-1] [org.springframework.web.servlet.DispatcherServlet] Completed initialization in 1 ms
[2023-05-22 16:55:37.988 INFO  http-nio-8080-exec-1] [com.zaxxer.hikari.HikariDataSource] HikariPool-1 - Starting...
[2023-05-22 16:55:38.026 INFO  http-nio-8080-exec-1] [com.zaxxer.hikari.pool.HikariPool] HikariPool-1 - Added connection org.mariadb.jdbc.Connection@3dc09cfb
[2023-05-22 16:55:38.027 INFO  http-nio-8080-exec-1] [com.zaxxer.hikari.HikariDataSource] HikariPool-1 - Start completed.
